<?xml version="1.0" encoding="UTF-8"?>
<!-- Generated by org.testng.reporters.JUnitReportReporter -->
<testsuite hostname="Dell" failures="0" tests="4" name="com.ebanking.test_class.TC_SS1" time="50.363" errors="0" timestamp="2022-07-08T14:12:11 IST" skipped="0">
  <testcase classname="com.ebanking.test_class.TC_SS1" name="LoginTest4" time="12.442"/>
  <system-out/>
  <testcase classname="com.ebanking.test_class.TC_SS1" name="LoginTest2" time="8.820"/>
  <system-out/>
  <testcase classname="com.ebanking.test_class.TC_SS1" name="LoginTest1" time="17.502"/>
  <system-out/>
  <testcase classname="com.ebanking.test_class.TC_SS1" name="LoginTest3" time="11.599"/>
  <system-out/>
</testsuite> <!-- com.ebanking.test_class.TC_SS1 -->
