<?xml version="1.0" encoding="UTF-8"?>
<!-- Generated by org.testng.reporters.JUnitReportReporter -->
<testsuite hostname="Dell" failures="0" tests="4" name="com.ebanking.test_class.TC_SS2" time="12.445" errors="0" timestamp="2022-07-11T11:47:08 IST" skipped="0">
  <testcase classname="com.ebanking.test_class.TC_SS2" name="logintest" time="4.601"/>
  <system-out/>
  <testcase classname="com.ebanking.test_class.TC_SS2" name="logintest" time="2.584"/>
  <system-out/>
  <testcase classname="com.ebanking.test_class.TC_SS2" name="logintest" time="2.621"/>
  <system-out/>
  <testcase classname="com.ebanking.test_class.TC_SS2" name="logintest" time="2.639"/>
  <system-out/>
</testsuite> <!-- com.ebanking.test_class.TC_SS2 -->
