<?xml version="1.0" encoding="UTF-8"?>
<!-- Generated by org.testng.reporters.JUnitReportReporter -->
<testsuite hostname="Dell" failures="0" tests="1" name="com.ebanking.test_class.BaseClass" time="1.887" errors="0" timestamp="2022-07-06T20:27:42 IST" skipped="0">
  <testcase classname="com.ebanking.test_class.BaseClass" name="setUp" time="1.887"/>
  <system-out/>
</testsuite> <!-- com.ebanking.test_class.BaseClass -->
