<?xml version="1.0" encoding="UTF-8"?>
<!-- Generated by org.testng.reporters.JUnitReportReporter -->
<testsuite hostname="Dell" failures="0" tests="1" name="com.ebanking.test_class.TC_SS1" time="14.342" errors="0" timestamp="2022-07-07T23:27:41 IST" skipped="0">
  <testcase classname="com.ebanking.test_class.TC_SS1" name="LoginTest" time="14.342"/>
  <system-out/>
</testsuite> <!-- com.ebanking.test_class.TC_SS1 -->
