<?xml version="1.0" encoding="UTF-8"?>
<!-- Generated by org.testng.reporters.JUnitReportReporter -->
<testsuite hostname="Dell" failures="0" tests="4" name="com.ebanking.test_class.TC_SS1" time="12.538" errors="0" timestamp="2022-07-10T14:18:04 IST" skipped="3">
  <testcase classname="com.ebanking.test_class.TC_SS1" name="LoginTest3" time="12.538"/>
  <system-out/>
  <testcase classname="com.ebanking.test_class.TC_SS1" name="LoginTest1">
    <skipped/>
  </testcase> <!-- LoginTest1 -->
  <system-out/>
  <testcase classname="com.ebanking.test_class.TC_SS1" name="LoginTest2">
    <skipped/>
  </testcase> <!-- LoginTest2 -->
  <system-out/>
  <testcase classname="com.ebanking.test_class.TC_SS1" name="LoginTest4">
    <skipped/>
  </testcase> <!-- LoginTest4 -->
  <system-out/>
</testsuite> <!-- com.ebanking.test_class.TC_SS1 -->
