<?xml version="1.0" encoding="UTF-8"?>
<!-- Generated by org.testng.reporters.JUnitReportReporter -->
<testsuite hostname="Dell" failures="0" tests="5" name="com.ebanking.test_class.TC_SS1" time="0.212" errors="5" timestamp="2022-07-12T19:37:58 IST" skipped="0">
  <testcase classname="com.ebanking.test_class.TC_SS1" name="LoginTest1" time="0.175">
    <error message="Failed to decode response from marionette
Build info: version: &#039;4.3.0&#039;, revision: &#039;a4995e2c09*&#039;
System info: host: &#039;DELL&#039;, ip: &#039;192.168.1.7&#039;, os.name: &#039;Windows 11&#039;, os.arch: &#039;amd64&#039;, os.version: &#039;10.0&#039;, java.version: &#039;18.0.1.1&#039;
Driver info: org.openqa.selenium.firefox.FirefoxDriver
Command: [eedf0c33-3c75-44cb-9e68-b0b037449244, get {url=https://www.demo.guru99.com/V4/index.php}]
Capabilities {acceptInsecureCerts: true, browserName: firefox, browserVersion: 102.0.1, moz:accessibilityChecks: false, moz:buildID: 20220705093820, moz:debuggerAddress: localhost:59122, moz:geckodriverVersion: 0.31.0, moz:headless: false, moz:processID: 12244, moz:profile: C:\Users\gavha\AppData\Loca..., moz:shutdownTimeout: 60000, moz:useNonSpecCompliantPointerOrigin: false, moz:webdriverClick: true, moz:windowless: false, pageLoadStrategy: normal, platformName: WINDOWS, platformVersion: 10.0, proxy: Proxy(), se:cdp: ws://localhost:59122/devtoo..., se:cdpVersion: 85.0, setWindowRect: true, strictFileInteractability: false, timeouts: {implicit: 0, pageLoad: 300000, script: 30000}, unhandledPromptBehavior: dismiss and notify}
Session ID: eedf0c33-3c75-44cb-9e68-b0b037449244" type="org.openqa.selenium.WebDriverException">
      <![CDATA[org.openqa.selenium.WebDriverException: Failed to decode response from marionette
Build info: version: '4.3.0', revision: 'a4995e2c09*'
System info: host: 'DELL', ip: '192.168.1.7', os.name: 'Windows 11', os.arch: 'amd64', os.version: '10.0', java.version: '18.0.1.1'
Driver info: org.openqa.selenium.firefox.FirefoxDriver
Command: [eedf0c33-3c75-44cb-9e68-b0b037449244, get {url=https://www.demo.guru99.com/V4/index.php}]
Capabilities {acceptInsecureCerts: true, browserName: firefox, browserVersion: 102.0.1, moz:accessibilityChecks: false, moz:buildID: 20220705093820, moz:debuggerAddress: localhost:59122, moz:geckodriverVersion: 0.31.0, moz:headless: false, moz:processID: 12244, moz:profile: C:\Users\gavha\AppData\Loca..., moz:shutdownTimeout: 60000, moz:useNonSpecCompliantPointerOrigin: false, moz:webdriverClick: true, moz:windowless: false, pageLoadStrategy: normal, platformName: WINDOWS, platformVersion: 10.0, proxy: Proxy(), se:cdp: ws://localhost:59122/devtoo..., se:cdpVersion: 85.0, setWindowRect: true, strictFileInteractability: false, timeouts: {implicit: 0, pageLoad: 300000, script: 30000}, unhandledPromptBehavior: dismiss and notify}
Session ID: eedf0c33-3c75-44cb-9e68-b0b037449244
at java.base/jdk.internal.reflect.DirectConstructorHandleAccessor.newInstance(DirectConstructorHandleAccessor.java:67)
at java.base/java.lang.reflect.Constructor.newInstanceWithCaller(Constructor.java:499)
at java.base/java.lang.reflect.Constructor.newInstance(Constructor.java:483)
at org.openqa.selenium.remote.codec.w3c.W3CHttpResponseCodec.createException(W3CHttpResponseCodec.java:200)
at org.openqa.selenium.remote.codec.w3c.W3CHttpResponseCodec.decode(W3CHttpResponseCodec.java:133)
at org.openqa.selenium.remote.codec.w3c.W3CHttpResponseCodec.decode(W3CHttpResponseCodec.java:53)
at org.openqa.selenium.remote.HttpCommandExecutor.execute(HttpCommandExecutor.java:184)
at org.openqa.selenium.remote.service.DriverCommandExecutor.invokeExecute(DriverCommandExecutor.java:167)
at org.openqa.selenium.remote.service.DriverCommandExecutor.execute(DriverCommandExecutor.java:142)
at org.openqa.selenium.remote.RemoteWebDriver.execute(RemoteWebDriver.java:569)
at org.openqa.selenium.remote.RemoteWebDriver.get(RemoteWebDriver.java:332)
at com.ebanking.test_class.TC_SS1.LoginTest1(TC_SS1.java:25)
at java.base/jdk.internal.reflect.DirectMethodHandleAccessor.invoke(DirectMethodHandleAccessor.java:104)
at java.base/java.lang.reflect.Method.invoke(Method.java:577)
at org.testng.internal.invokers.MethodInvocationHelper.invokeMethod(MethodInvocationHelper.java:139)
at org.testng.internal.invokers.TestInvoker.invokeMethod(TestInvoker.java:677)
at org.testng.internal.invokers.TestInvoker.invokeTestMethod(TestInvoker.java:221)
at org.testng.internal.invokers.MethodRunner.runInSequence(MethodRunner.java:50)
at org.testng.internal.invokers.TestInvoker$MethodInvocationAgent.invoke(TestInvoker.java:962)
at org.testng.internal.invokers.TestInvoker.invokeTestMethods(TestInvoker.java:194)
at org.testng.internal.invokers.TestMethodWorker.invokeTestMethods(TestMethodWorker.java:148)
at org.testng.internal.invokers.TestMethodWorker.run(TestMethodWorker.java:128)
at java.base/java.util.ArrayList.forEach(ArrayList.java:1511)
at org.testng.TestRunner.privateRun(TestRunner.java:806)
at org.testng.TestRunner.run(TestRunner.java:601)
at org.testng.SuiteRunner.runTest(SuiteRunner.java:433)
at org.testng.SuiteRunner.runSequentially(SuiteRunner.java:427)
at org.testng.SuiteRunner.privateRun(SuiteRunner.java:387)
at org.testng.SuiteRunner.run(SuiteRunner.java:330)
at org.testng.SuiteRunnerWorker.runSuite(SuiteRunnerWorker.java:52)
at org.testng.SuiteRunnerWorker.run(SuiteRunnerWorker.java:95)
at org.testng.TestNG.runSuitesSequentially(TestNG.java:1256)
at org.testng.TestNG.runSuitesLocally(TestNG.java:1176)
at org.testng.TestNG.runSuites(TestNG.java:1099)
at org.testng.TestNG.run(TestNG.java:1067)
at org.testng.remote.AbstractRemoteTestNG.run(AbstractRemoteTestNG.java:115)
at org.testng.remote.RemoteTestNG.initAndRun(RemoteTestNG.java:251)
at org.testng.remote.RemoteTestNG.main(RemoteTestNG.java:77)
]]>
    </error>
  </testcase> <!-- LoginTest1 -->
  <system-out/>
  <testcase classname="com.ebanking.test_class.TC_SS1" name="LoginTest2" time="0.007">
    <error message="Tried to run command without establishing a connection
Build info: version: &#039;4.3.0&#039;, revision: &#039;a4995e2c09*&#039;
System info: host: &#039;DELL&#039;, ip: &#039;192.168.1.7&#039;, os.name: &#039;Windows 11&#039;, os.arch: &#039;amd64&#039;, os.version: &#039;10.0&#039;, java.version: &#039;18.0.1.1&#039;
Driver info: org.openqa.selenium.firefox.FirefoxDriver
Command: [eedf0c33-3c75-44cb-9e68-b0b037449244, get {url=https://www.demo.guru99.com/V4/index.php}]
Capabilities {acceptInsecureCerts: true, browserName: firefox, browserVersion: 102.0.1, moz:accessibilityChecks: false, moz:buildID: 20220705093820, moz:debuggerAddress: localhost:59122, moz:geckodriverVersion: 0.31.0, moz:headless: false, moz:processID: 12244, moz:profile: C:\Users\gavha\AppData\Loca..., moz:shutdownTimeout: 60000, moz:useNonSpecCompliantPointerOrigin: false, moz:webdriverClick: true, moz:windowless: false, pageLoadStrategy: normal, platformName: WINDOWS, platformVersion: 10.0, proxy: Proxy(), se:cdp: ws://localhost:59122/devtoo..., se:cdpVersion: 85.0, setWindowRect: true, strictFileInteractability: false, timeouts: {implicit: 0, pageLoad: 300000, script: 30000}, unhandledPromptBehavior: dismiss and notify}
Session ID: eedf0c33-3c75-44cb-9e68-b0b037449244" type="org.openqa.selenium.NoSuchSessionException">
      <![CDATA[org.openqa.selenium.NoSuchSessionException: Tried to run command without establishing a connection
Build info: version: '4.3.0', revision: 'a4995e2c09*'
System info: host: 'DELL', ip: '192.168.1.7', os.name: 'Windows 11', os.arch: 'amd64', os.version: '10.0', java.version: '18.0.1.1'
Driver info: org.openqa.selenium.firefox.FirefoxDriver
Command: [eedf0c33-3c75-44cb-9e68-b0b037449244, get {url=https://www.demo.guru99.com/V4/index.php}]
Capabilities {acceptInsecureCerts: true, browserName: firefox, browserVersion: 102.0.1, moz:accessibilityChecks: false, moz:buildID: 20220705093820, moz:debuggerAddress: localhost:59122, moz:geckodriverVersion: 0.31.0, moz:headless: false, moz:processID: 12244, moz:profile: C:\Users\gavha\AppData\Loca..., moz:shutdownTimeout: 60000, moz:useNonSpecCompliantPointerOrigin: false, moz:webdriverClick: true, moz:windowless: false, pageLoadStrategy: normal, platformName: WINDOWS, platformVersion: 10.0, proxy: Proxy(), se:cdp: ws://localhost:59122/devtoo..., se:cdpVersion: 85.0, setWindowRect: true, strictFileInteractability: false, timeouts: {implicit: 0, pageLoad: 300000, script: 30000}, unhandledPromptBehavior: dismiss and notify}
Session ID: eedf0c33-3c75-44cb-9e68-b0b037449244
at java.base/jdk.internal.reflect.DirectConstructorHandleAccessor.newInstance(DirectConstructorHandleAccessor.java:67)
at java.base/java.lang.reflect.Constructor.newInstanceWithCaller(Constructor.java:499)
at java.base/java.lang.reflect.Constructor.newInstance(Constructor.java:483)
at org.openqa.selenium.remote.codec.w3c.W3CHttpResponseCodec.createException(W3CHttpResponseCodec.java:200)
at org.openqa.selenium.remote.codec.w3c.W3CHttpResponseCodec.decode(W3CHttpResponseCodec.java:133)
at org.openqa.selenium.remote.codec.w3c.W3CHttpResponseCodec.decode(W3CHttpResponseCodec.java:53)
at org.openqa.selenium.remote.HttpCommandExecutor.execute(HttpCommandExecutor.java:184)
at org.openqa.selenium.remote.service.DriverCommandExecutor.invokeExecute(DriverCommandExecutor.java:167)
at org.openqa.selenium.remote.service.DriverCommandExecutor.execute(DriverCommandExecutor.java:142)
at org.openqa.selenium.remote.RemoteWebDriver.execute(RemoteWebDriver.java:569)
at org.openqa.selenium.remote.RemoteWebDriver.get(RemoteWebDriver.java:332)
at com.ebanking.test_class.TC_SS1.LoginTest2(TC_SS1.java:60)
at java.base/jdk.internal.reflect.DirectMethodHandleAccessor.invoke(DirectMethodHandleAccessor.java:104)
at java.base/java.lang.reflect.Method.invoke(Method.java:577)
at org.testng.internal.invokers.MethodInvocationHelper.invokeMethod(MethodInvocationHelper.java:139)
at org.testng.internal.invokers.TestInvoker.invokeMethod(TestInvoker.java:677)
at org.testng.internal.invokers.TestInvoker.invokeTestMethod(TestInvoker.java:221)
at org.testng.internal.invokers.MethodRunner.runInSequence(MethodRunner.java:50)
at org.testng.internal.invokers.TestInvoker$MethodInvocationAgent.invoke(TestInvoker.java:962)
at org.testng.internal.invokers.TestInvoker.invokeTestMethods(TestInvoker.java:194)
at org.testng.internal.invokers.TestMethodWorker.invokeTestMethods(TestMethodWorker.java:148)
at org.testng.internal.invokers.TestMethodWorker.run(TestMethodWorker.java:128)
at java.base/java.util.ArrayList.forEach(ArrayList.java:1511)
at org.testng.TestRunner.privateRun(TestRunner.java:806)
at org.testng.TestRunner.run(TestRunner.java:601)
at org.testng.SuiteRunner.runTest(SuiteRunner.java:433)
at org.testng.SuiteRunner.runSequentially(SuiteRunner.java:427)
at org.testng.SuiteRunner.privateRun(SuiteRunner.java:387)
at org.testng.SuiteRunner.run(SuiteRunner.java:330)
at org.testng.SuiteRunnerWorker.runSuite(SuiteRunnerWorker.java:52)
at org.testng.SuiteRunnerWorker.run(SuiteRunnerWorker.java:95)
at org.testng.TestNG.runSuitesSequentially(TestNG.java:1256)
at org.testng.TestNG.runSuitesLocally(TestNG.java:1176)
at org.testng.TestNG.runSuites(TestNG.java:1099)
at org.testng.TestNG.run(TestNG.java:1067)
at org.testng.remote.AbstractRemoteTestNG.run(AbstractRemoteTestNG.java:115)
at org.testng.remote.RemoteTestNG.initAndRun(RemoteTestNG.java:251)
at org.testng.remote.RemoteTestNG.main(RemoteTestNG.java:77)
]]>
    </error>
  </testcase> <!-- LoginTest2 -->
  <system-out/>
  <testcase classname="com.ebanking.test_class.TC_SS1" name="end" time="0.020">
    <error message="Tried to run command without establishing a connection
Build info: version: &#039;4.3.0&#039;, revision: &#039;a4995e2c09*&#039;
System info: host: &#039;DELL&#039;, ip: &#039;192.168.1.7&#039;, os.name: &#039;Windows 11&#039;, os.arch: &#039;amd64&#039;, os.version: &#039;10.0&#039;, java.version: &#039;18.0.1.1&#039;
Driver info: org.openqa.selenium.firefox.FirefoxDriver
Command: [eedf0c33-3c75-44cb-9e68-b0b037449244, close {}]
Capabilities {acceptInsecureCerts: true, browserName: firefox, browserVersion: 102.0.1, moz:accessibilityChecks: false, moz:buildID: 20220705093820, moz:debuggerAddress: localhost:59122, moz:geckodriverVersion: 0.31.0, moz:headless: false, moz:processID: 12244, moz:profile: C:\Users\gavha\AppData\Loca..., moz:shutdownTimeout: 60000, moz:useNonSpecCompliantPointerOrigin: false, moz:webdriverClick: true, moz:windowless: false, pageLoadStrategy: normal, platformName: WINDOWS, platformVersion: 10.0, proxy: Proxy(), se:cdp: ws://localhost:59122/devtoo..., se:cdpVersion: 85.0, setWindowRect: true, strictFileInteractability: false, timeouts: {implicit: 0, pageLoad: 300000, script: 30000}, unhandledPromptBehavior: dismiss and notify}
Session ID: eedf0c33-3c75-44cb-9e68-b0b037449244" type="org.openqa.selenium.NoSuchSessionException">
      <![CDATA[org.openqa.selenium.NoSuchSessionException: Tried to run command without establishing a connection
Build info: version: '4.3.0', revision: 'a4995e2c09*'
System info: host: 'DELL', ip: '192.168.1.7', os.name: 'Windows 11', os.arch: 'amd64', os.version: '10.0', java.version: '18.0.1.1'
Driver info: org.openqa.selenium.firefox.FirefoxDriver
Command: [eedf0c33-3c75-44cb-9e68-b0b037449244, close {}]
Capabilities {acceptInsecureCerts: true, browserName: firefox, browserVersion: 102.0.1, moz:accessibilityChecks: false, moz:buildID: 20220705093820, moz:debuggerAddress: localhost:59122, moz:geckodriverVersion: 0.31.0, moz:headless: false, moz:processID: 12244, moz:profile: C:\Users\gavha\AppData\Loca..., moz:shutdownTimeout: 60000, moz:useNonSpecCompliantPointerOrigin: false, moz:webdriverClick: true, moz:windowless: false, pageLoadStrategy: normal, platformName: WINDOWS, platformVersion: 10.0, proxy: Proxy(), se:cdp: ws://localhost:59122/devtoo..., se:cdpVersion: 85.0, setWindowRect: true, strictFileInteractability: false, timeouts: {implicit: 0, pageLoad: 300000, script: 30000}, unhandledPromptBehavior: dismiss and notify}
Session ID: eedf0c33-3c75-44cb-9e68-b0b037449244
at java.base/jdk.internal.reflect.DirectConstructorHandleAccessor.newInstance(DirectConstructorHandleAccessor.java:67)
at java.base/java.lang.reflect.Constructor.newInstanceWithCaller(Constructor.java:499)
at java.base/java.lang.reflect.Constructor.newInstance(Constructor.java:483)
at org.openqa.selenium.remote.codec.w3c.W3CHttpResponseCodec.createException(W3CHttpResponseCodec.java:200)
at org.openqa.selenium.remote.codec.w3c.W3CHttpResponseCodec.decode(W3CHttpResponseCodec.java:133)
at org.openqa.selenium.remote.codec.w3c.W3CHttpResponseCodec.decode(W3CHttpResponseCodec.java:53)
at org.openqa.selenium.remote.HttpCommandExecutor.execute(HttpCommandExecutor.java:184)
at org.openqa.selenium.remote.service.DriverCommandExecutor.invokeExecute(DriverCommandExecutor.java:167)
at org.openqa.selenium.remote.service.DriverCommandExecutor.execute(DriverCommandExecutor.java:142)
at org.openqa.selenium.remote.RemoteWebDriver.execute(RemoteWebDriver.java:569)
at org.openqa.selenium.remote.RemoteWebDriver.execute(RemoteWebDriver.java:624)
at org.openqa.selenium.remote.RemoteWebDriver.execute(RemoteWebDriver.java:628)
at org.openqa.selenium.remote.RemoteWebDriver.close(RemoteWebDriver.java:454)
at com.ebanking.test_class.BaseClass.end(BaseClass.java:44)
at java.base/jdk.internal.reflect.DirectMethodHandleAccessor.invoke(DirectMethodHandleAccessor.java:104)
at java.base/java.lang.reflect.Method.invoke(Method.java:577)
at org.testng.internal.invokers.MethodInvocationHelper.invokeMethod(MethodInvocationHelper.java:139)
at org.testng.internal.invokers.MethodInvocationHelper.invokeMethodConsideringTimeout(MethodInvocationHelper.java:69)
at org.testng.internal.invokers.ConfigInvoker.invokeConfigurationMethod(ConfigInvoker.java:361)
at org.testng.internal.invokers.ConfigInvoker.invokeConfigurations(ConfigInvoker.java:296)
at org.testng.internal.invokers.TestMethodWorker.invokeAfterClassMethods(TestMethodWorker.java:222)
at org.testng.internal.invokers.TestMethodWorker.run(TestMethodWorker.java:131)
at java.base/java.util.ArrayList.forEach(ArrayList.java:1511)
at org.testng.TestRunner.privateRun(TestRunner.java:806)
at org.testng.TestRunner.run(TestRunner.java:601)
at org.testng.SuiteRunner.runTest(SuiteRunner.java:433)
at org.testng.SuiteRunner.runSequentially(SuiteRunner.java:427)
at org.testng.SuiteRunner.privateRun(SuiteRunner.java:387)
at org.testng.SuiteRunner.run(SuiteRunner.java:330)
at org.testng.SuiteRunnerWorker.runSuite(SuiteRunnerWorker.java:52)
at org.testng.SuiteRunnerWorker.run(SuiteRunnerWorker.java:95)
at org.testng.TestNG.runSuitesSequentially(TestNG.java:1256)
at org.testng.TestNG.runSuitesLocally(TestNG.java:1176)
at org.testng.TestNG.runSuites(TestNG.java:1099)
at org.testng.TestNG.run(TestNG.java:1067)
at org.testng.remote.AbstractRemoteTestNG.run(AbstractRemoteTestNG.java:115)
at org.testng.remote.RemoteTestNG.initAndRun(RemoteTestNG.java:251)
at org.testng.remote.RemoteTestNG.main(RemoteTestNG.java:77)
]]>
    </error>
  </testcase> <!-- end -->
  <system-out/>
  <testcase classname="com.ebanking.test_class.TC_SS1" name="LoginTest4" time="0.005">
    <error message="Tried to run command without establishing a connection
Build info: version: &#039;4.3.0&#039;, revision: &#039;a4995e2c09*&#039;
System info: host: &#039;DELL&#039;, ip: &#039;192.168.1.7&#039;, os.name: &#039;Windows 11&#039;, os.arch: &#039;amd64&#039;, os.version: &#039;10.0&#039;, java.version: &#039;18.0.1.1&#039;
Driver info: org.openqa.selenium.firefox.FirefoxDriver
Command: [eedf0c33-3c75-44cb-9e68-b0b037449244, get {url=https://www.demo.guru99.com/V4/index.php}]
Capabilities {acceptInsecureCerts: true, browserName: firefox, browserVersion: 102.0.1, moz:accessibilityChecks: false, moz:buildID: 20220705093820, moz:debuggerAddress: localhost:59122, moz:geckodriverVersion: 0.31.0, moz:headless: false, moz:processID: 12244, moz:profile: C:\Users\gavha\AppData\Loca..., moz:shutdownTimeout: 60000, moz:useNonSpecCompliantPointerOrigin: false, moz:webdriverClick: true, moz:windowless: false, pageLoadStrategy: normal, platformName: WINDOWS, platformVersion: 10.0, proxy: Proxy(), se:cdp: ws://localhost:59122/devtoo..., se:cdpVersion: 85.0, setWindowRect: true, strictFileInteractability: false, timeouts: {implicit: 0, pageLoad: 300000, script: 30000}, unhandledPromptBehavior: dismiss and notify}
Session ID: eedf0c33-3c75-44cb-9e68-b0b037449244" type="org.openqa.selenium.NoSuchSessionException">
      <![CDATA[org.openqa.selenium.NoSuchSessionException: Tried to run command without establishing a connection
Build info: version: '4.3.0', revision: 'a4995e2c09*'
System info: host: 'DELL', ip: '192.168.1.7', os.name: 'Windows 11', os.arch: 'amd64', os.version: '10.0', java.version: '18.0.1.1'
Driver info: org.openqa.selenium.firefox.FirefoxDriver
Command: [eedf0c33-3c75-44cb-9e68-b0b037449244, get {url=https://www.demo.guru99.com/V4/index.php}]
Capabilities {acceptInsecureCerts: true, browserName: firefox, browserVersion: 102.0.1, moz:accessibilityChecks: false, moz:buildID: 20220705093820, moz:debuggerAddress: localhost:59122, moz:geckodriverVersion: 0.31.0, moz:headless: false, moz:processID: 12244, moz:profile: C:\Users\gavha\AppData\Loca..., moz:shutdownTimeout: 60000, moz:useNonSpecCompliantPointerOrigin: false, moz:webdriverClick: true, moz:windowless: false, pageLoadStrategy: normal, platformName: WINDOWS, platformVersion: 10.0, proxy: Proxy(), se:cdp: ws://localhost:59122/devtoo..., se:cdpVersion: 85.0, setWindowRect: true, strictFileInteractability: false, timeouts: {implicit: 0, pageLoad: 300000, script: 30000}, unhandledPromptBehavior: dismiss and notify}
Session ID: eedf0c33-3c75-44cb-9e68-b0b037449244
at java.base/jdk.internal.reflect.DirectConstructorHandleAccessor.newInstance(DirectConstructorHandleAccessor.java:67)
at java.base/java.lang.reflect.Constructor.newInstanceWithCaller(Constructor.java:499)
at java.base/java.lang.reflect.Constructor.newInstance(Constructor.java:483)
at org.openqa.selenium.remote.codec.w3c.W3CHttpResponseCodec.createException(W3CHttpResponseCodec.java:200)
at org.openqa.selenium.remote.codec.w3c.W3CHttpResponseCodec.decode(W3CHttpResponseCodec.java:133)
at org.openqa.selenium.remote.codec.w3c.W3CHttpResponseCodec.decode(W3CHttpResponseCodec.java:53)
at org.openqa.selenium.remote.HttpCommandExecutor.execute(HttpCommandExecutor.java:184)
at org.openqa.selenium.remote.service.DriverCommandExecutor.invokeExecute(DriverCommandExecutor.java:167)
at org.openqa.selenium.remote.service.DriverCommandExecutor.execute(DriverCommandExecutor.java:142)
at org.openqa.selenium.remote.RemoteWebDriver.execute(RemoteWebDriver.java:569)
at org.openqa.selenium.remote.RemoteWebDriver.get(RemoteWebDriver.java:332)
at com.ebanking.test_class.TC_SS1.LoginTest4(TC_SS1.java:119)
at java.base/jdk.internal.reflect.DirectMethodHandleAccessor.invoke(DirectMethodHandleAccessor.java:104)
at java.base/java.lang.reflect.Method.invoke(Method.java:577)
at org.testng.internal.invokers.MethodInvocationHelper.invokeMethod(MethodInvocationHelper.java:139)
at org.testng.internal.invokers.TestInvoker.invokeMethod(TestInvoker.java:677)
at org.testng.internal.invokers.TestInvoker.invokeTestMethod(TestInvoker.java:221)
at org.testng.internal.invokers.MethodRunner.runInSequence(MethodRunner.java:50)
at org.testng.internal.invokers.TestInvoker$MethodInvocationAgent.invoke(TestInvoker.java:962)
at org.testng.internal.invokers.TestInvoker.invokeTestMethods(TestInvoker.java:194)
at org.testng.internal.invokers.TestMethodWorker.invokeTestMethods(TestMethodWorker.java:148)
at org.testng.internal.invokers.TestMethodWorker.run(TestMethodWorker.java:128)
at java.base/java.util.ArrayList.forEach(ArrayList.java:1511)
at org.testng.TestRunner.privateRun(TestRunner.java:806)
at org.testng.TestRunner.run(TestRunner.java:601)
at org.testng.SuiteRunner.runTest(SuiteRunner.java:433)
at org.testng.SuiteRunner.runSequentially(SuiteRunner.java:427)
at org.testng.SuiteRunner.privateRun(SuiteRunner.java:387)
at org.testng.SuiteRunner.run(SuiteRunner.java:330)
at org.testng.SuiteRunnerWorker.runSuite(SuiteRunnerWorker.java:52)
at org.testng.SuiteRunnerWorker.run(SuiteRunnerWorker.java:95)
at org.testng.TestNG.runSuitesSequentially(TestNG.java:1256)
at org.testng.TestNG.runSuitesLocally(TestNG.java:1176)
at org.testng.TestNG.runSuites(TestNG.java:1099)
at org.testng.TestNG.run(TestNG.java:1067)
at org.testng.remote.AbstractRemoteTestNG.run(AbstractRemoteTestNG.java:115)
at org.testng.remote.RemoteTestNG.initAndRun(RemoteTestNG.java:251)
at org.testng.remote.RemoteTestNG.main(RemoteTestNG.java:77)
]]>
    </error>
  </testcase> <!-- LoginTest4 -->
  <system-out/>
  <testcase classname="com.ebanking.test_class.TC_SS1" name="LoginTest3" time="0.005">
    <error message="Tried to run command without establishing a connection
Build info: version: &#039;4.3.0&#039;, revision: &#039;a4995e2c09*&#039;
System info: host: &#039;DELL&#039;, ip: &#039;192.168.1.7&#039;, os.name: &#039;Windows 11&#039;, os.arch: &#039;amd64&#039;, os.version: &#039;10.0&#039;, java.version: &#039;18.0.1.1&#039;
Driver info: org.openqa.selenium.firefox.FirefoxDriver
Command: [eedf0c33-3c75-44cb-9e68-b0b037449244, get {url=https://www.demo.guru99.com/V4/index.php}]
Capabilities {acceptInsecureCerts: true, browserName: firefox, browserVersion: 102.0.1, moz:accessibilityChecks: false, moz:buildID: 20220705093820, moz:debuggerAddress: localhost:59122, moz:geckodriverVersion: 0.31.0, moz:headless: false, moz:processID: 12244, moz:profile: C:\Users\gavha\AppData\Loca..., moz:shutdownTimeout: 60000, moz:useNonSpecCompliantPointerOrigin: false, moz:webdriverClick: true, moz:windowless: false, pageLoadStrategy: normal, platformName: WINDOWS, platformVersion: 10.0, proxy: Proxy(), se:cdp: ws://localhost:59122/devtoo..., se:cdpVersion: 85.0, setWindowRect: true, strictFileInteractability: false, timeouts: {implicit: 0, pageLoad: 300000, script: 30000}, unhandledPromptBehavior: dismiss and notify}
Session ID: eedf0c33-3c75-44cb-9e68-b0b037449244" type="org.openqa.selenium.NoSuchSessionException">
      <![CDATA[org.openqa.selenium.NoSuchSessionException: Tried to run command without establishing a connection
Build info: version: '4.3.0', revision: 'a4995e2c09*'
System info: host: 'DELL', ip: '192.168.1.7', os.name: 'Windows 11', os.arch: 'amd64', os.version: '10.0', java.version: '18.0.1.1'
Driver info: org.openqa.selenium.firefox.FirefoxDriver
Command: [eedf0c33-3c75-44cb-9e68-b0b037449244, get {url=https://www.demo.guru99.com/V4/index.php}]
Capabilities {acceptInsecureCerts: true, browserName: firefox, browserVersion: 102.0.1, moz:accessibilityChecks: false, moz:buildID: 20220705093820, moz:debuggerAddress: localhost:59122, moz:geckodriverVersion: 0.31.0, moz:headless: false, moz:processID: 12244, moz:profile: C:\Users\gavha\AppData\Loca..., moz:shutdownTimeout: 60000, moz:useNonSpecCompliantPointerOrigin: false, moz:webdriverClick: true, moz:windowless: false, pageLoadStrategy: normal, platformName: WINDOWS, platformVersion: 10.0, proxy: Proxy(), se:cdp: ws://localhost:59122/devtoo..., se:cdpVersion: 85.0, setWindowRect: true, strictFileInteractability: false, timeouts: {implicit: 0, pageLoad: 300000, script: 30000}, unhandledPromptBehavior: dismiss and notify}
Session ID: eedf0c33-3c75-44cb-9e68-b0b037449244
at java.base/jdk.internal.reflect.DirectConstructorHandleAccessor.newInstance(DirectConstructorHandleAccessor.java:67)
at java.base/java.lang.reflect.Constructor.newInstanceWithCaller(Constructor.java:499)
at java.base/java.lang.reflect.Constructor.newInstance(Constructor.java:483)
at org.openqa.selenium.remote.codec.w3c.W3CHttpResponseCodec.createException(W3CHttpResponseCodec.java:200)
at org.openqa.selenium.remote.codec.w3c.W3CHttpResponseCodec.decode(W3CHttpResponseCodec.java:133)
at org.openqa.selenium.remote.codec.w3c.W3CHttpResponseCodec.decode(W3CHttpResponseCodec.java:53)
at org.openqa.selenium.remote.HttpCommandExecutor.execute(HttpCommandExecutor.java:184)
at org.openqa.selenium.remote.service.DriverCommandExecutor.invokeExecute(DriverCommandExecutor.java:167)
at org.openqa.selenium.remote.service.DriverCommandExecutor.execute(DriverCommandExecutor.java:142)
at org.openqa.selenium.remote.RemoteWebDriver.execute(RemoteWebDriver.java:569)
at org.openqa.selenium.remote.RemoteWebDriver.get(RemoteWebDriver.java:332)
at com.ebanking.test_class.TC_SS1.LoginTest3(TC_SS1.java:87)
at java.base/jdk.internal.reflect.DirectMethodHandleAccessor.invoke(DirectMethodHandleAccessor.java:104)
at java.base/java.lang.reflect.Method.invoke(Method.java:577)
at org.testng.internal.invokers.MethodInvocationHelper.invokeMethod(MethodInvocationHelper.java:139)
at org.testng.internal.invokers.TestInvoker.invokeMethod(TestInvoker.java:677)
at org.testng.internal.invokers.TestInvoker.invokeTestMethod(TestInvoker.java:221)
at org.testng.internal.invokers.MethodRunner.runInSequence(MethodRunner.java:50)
at org.testng.internal.invokers.TestInvoker$MethodInvocationAgent.invoke(TestInvoker.java:962)
at org.testng.internal.invokers.TestInvoker.invokeTestMethods(TestInvoker.java:194)
at org.testng.internal.invokers.TestMethodWorker.invokeTestMethods(TestMethodWorker.java:148)
at org.testng.internal.invokers.TestMethodWorker.run(TestMethodWorker.java:128)
at java.base/java.util.ArrayList.forEach(ArrayList.java:1511)
at org.testng.TestRunner.privateRun(TestRunner.java:806)
at org.testng.TestRunner.run(TestRunner.java:601)
at org.testng.SuiteRunner.runTest(SuiteRunner.java:433)
at org.testng.SuiteRunner.runSequentially(SuiteRunner.java:427)
at org.testng.SuiteRunner.privateRun(SuiteRunner.java:387)
at org.testng.SuiteRunner.run(SuiteRunner.java:330)
at org.testng.SuiteRunnerWorker.runSuite(SuiteRunnerWorker.java:52)
at org.testng.SuiteRunnerWorker.run(SuiteRunnerWorker.java:95)
at org.testng.TestNG.runSuitesSequentially(TestNG.java:1256)
at org.testng.TestNG.runSuitesLocally(TestNG.java:1176)
at org.testng.TestNG.runSuites(TestNG.java:1099)
at org.testng.TestNG.run(TestNG.java:1067)
at org.testng.remote.AbstractRemoteTestNG.run(AbstractRemoteTestNG.java:115)
at org.testng.remote.RemoteTestNG.initAndRun(RemoteTestNG.java:251)
at org.testng.remote.RemoteTestNG.main(RemoteTestNG.java:77)
]]>
    </error>
  </testcase> <!-- LoginTest3 -->
  <system-out/>
</testsuite> <!-- com.ebanking.test_class.TC_SS1 -->
